<?xml version="1.0" encoding="UTF-8"?>
<!-- Generated by org.testng.reporters.JUnitReportReporter -->
<testsuite hostname="DW0820" failures="0" tests="2" name="Practice_Imp_code.DataProvider_Method" time="0.015" errors="0" timestamp="2023-08-02T20:57:38 IST" skipped="0">
  <testcase classname="Practice_Imp_code.DataProvider_Method" name="login" time="0.013"/>
  <system-out/>
  <testcase classname="Practice_Imp_code.DataProvider_Method" name="login" time="0.002"/>
  <system-out/>
</testsuite> <!-- Practice_Imp_code.DataProvider_Method -->
