<?xml version="1.0" encoding="UTF-8"?>
<!-- Generated by org.testng.reporters.JUnitReportReporter -->
<testsuite hostname="DW0820" failures="0" tests="1" name="TestNG.example12_Parallel1" time="43.013" errors="0" timestamp="2022-06-28T20:42:19 IST" skipped="0">
  <testcase classname="TestNG.example12_Parallel1" name="openKiteApp" time="43.013"/>
  <system-out/>
</testsuite> <!-- TestNG.example12_Parallel1 -->
