<?xml version="1.0" encoding="UTF-8"?>
<!-- Generated by org.testng.reporters.JUnitReportReporter -->
<testsuite hostname="DW0820" failures="0" tests="1" name="TestNG.e6_Keyword4_Timeout" time="0.030" errors="0" timestamp="2022-10-14T17:46:21 IST" skipped="0">
  <testcase classname="TestNG.e6_Keyword4_Timeout" name="TC1" time="0.030"/>
  <system-out>
    <![CDATA[running tc1]]>
  </system-out>
</testsuite> <!-- TestNG.e6_Keyword4_Timeout -->
