<?xml version="1.0" encoding="UTF-8"?>
<!-- Generated by org.testng.reporters.JUnitReportReporter -->
<testsuite hostname="DW0820" failures="0" tests="3" name="TestNG.ex7_sample1" time="0.057" errors="0" timestamp="2022-06-25T13:56:06 IST" skipped="0">
  <testcase classname="TestNG.ex7_sample1" name="TC2" time="0.003"/>
  <system-out>
    <![CDATA[rumnning login tc]]>
  </system-out>
  <testcase classname="TestNG.ex7_sample1" name="TC1" time="0.051"/>
  <system-out>
    <![CDATA[rumnning login tc]]>
  </system-out>
  <testcase classname="TestNG.ex7_sample1" name="TC3" time="0.003"/>
  <system-out>
    <![CDATA[rumnning login tc]]>
  </system-out>
</testsuite> <!-- TestNG.ex7_sample1 -->
