<?xml version="1.0" encoding="UTF-8"?>
<!-- Generated by org.testng.reporters.JUnitReportReporter -->
<testsuite hostname="DW0820" failures="0" tests="1" name="POM_DDF_TestNG_Base_Utility.Test_Class" time="17.027" errors="0" timestamp="2022-07-01T22:43:44 IST" skipped="0">
  <testcase classname="POM_DDF_TestNG_Base_Utility.Test_Class" name="VerifyUser" time="17.027"/>
  <system-out/>
</testsuite> <!-- POM_DDF_TestNG_Base_Utility.Test_Class -->
