<?xml version="1.0" encoding="UTF-8"?>
<!-- Generated by org.testng.reporters.JUnitReportReporter -->
<testsuite hostname="DW0820" failures="0" tests="1" name="TestNG.ex5_Annotations" time="0.014" errors="0" timestamp="2023-07-16T00:34:39 IST" skipped="0">
  <testcase classname="TestNG.ex5_Annotations" name="verify" time="0.014"/>
  <system-out>
    <![CDATA[verify user id]]>
  </system-out>
</testsuite> <!-- TestNG.ex5_Annotations -->
