<?xml version="1.0" encoding="UTF-8"?>
<!-- Generated by org.testng.reporters.JUnitReportReporter -->
<testsuite hostname="DW0820" failures="0" tests="3" name="demo_dataprovider" time="0.064" errors="0" timestamp="2022-06-30T15:39:46 IST" skipped="0">
  <testcase classname="demo_dataprovider" name="loginTest" time="0.008"/>
  <system-out/>
  <testcase classname="demo_dataprovider" name="loginTest" time="0.010"/>
  <system-out/>
  <testcase classname="demo_dataprovider" name="loginTest" time="0.046"/>
  <system-out/>
</testsuite> <!-- demo_dataprovider -->
