<?xml version="1.0" encoding="UTF-8"?>
<!-- Generated by org.testng.reporters.JUnitReportReporter -->
<testsuite hostname="DW0820" failures="0" tests="11" name="Practice_Imp_code.TestNG_Keyword" time="0.060" errors="0" timestamp="2023-08-02T17:23:14 IST" skipped="0">
  <testcase classname="Practice_Imp_code.TestNG_Keyword" name="TC5" time="0.003"/>
  <system-out>
    <![CDATA[vidya]]>
  </system-out>
  <testcase classname="Practice_Imp_code.TestNG_Keyword" name="TC3" time="0.016"/>
  <system-out>
    <![CDATA[running tc]]>
  </system-out>
  <testcase classname="Practice_Imp_code.TestNG_Keyword" name="TC5" time="0.003"/>
  <system-out>
    <![CDATA[vidya]]>
  </system-out>
  <testcase classname="Practice_Imp_code.TestNG_Keyword" name="TC5" time="0.005"/>
  <system-out>
    <![CDATA[vidya]]>
  </system-out>
  <testcase classname="Practice_Imp_code.TestNG_Keyword" name="TC4" time="0.011"/>
  <system-out>
    <![CDATA[running tc]]>
  </system-out>
  <testcase classname="Practice_Imp_code.TestNG_Keyword" name="TC5" time="0.003"/>
  <system-out>
    <![CDATA[vidya]]>
  </system-out>
  <testcase classname="Practice_Imp_code.TestNG_Keyword" name="TC5" time="0.003"/>
  <system-out>
    <![CDATA[vidya]]>
  </system-out>
  <testcase classname="Practice_Imp_code.TestNG_Keyword" name="TC7" time="0.003"/>
  <system-out>
    <![CDATA[running tc]]>
  </system-out>
  <testcase classname="Practice_Imp_code.TestNG_Keyword" name="TC6" time="0.003"/>
  <system-out>
    <![CDATA[running tc]]>
  </system-out>
  <testcase classname="Practice_Imp_code.TestNG_Keyword" name="TC2" time="0.004"/>
  <system-out>
    <![CDATA[running tc]]>
  </system-out>
  <testcase classname="Practice_Imp_code.TestNG_Keyword" name="TC1" time="0.006"/>
  <system-out>
    <![CDATA[running Tc]]>
  </system-out>
</testsuite> <!-- Practice_Imp_code.TestNG_Keyword -->
