<?xml version="1.0" encoding="UTF-8"?>
<!-- Generated by org.testng.reporters.JUnitReportReporter -->
<testsuite hostname="DW0820" failures="0" tests="3" name="TestNG.ex3_EmailLableReport" time="0.025" errors="0" timestamp="2022-11-29T22:22:45 IST" skipped="0">
  <testcase classname="TestNG.ex3_EmailLableReport" name="TC2" time="0.003"/>
  <system-out>
    <![CDATA[running TC2]]>
  </system-out>
  <testcase classname="TestNG.ex3_EmailLableReport" name="TC1" time="0.019"/>
  <system-out>
    <![CDATA[running TC1]]>
  </system-out>
  <testcase classname="TestNG.ex3_EmailLableReport" name="TC3" time="0.003"/>
  <system-out>
    <![CDATA[running TC3]]>
  </system-out>
</testsuite> <!-- TestNG.ex3_EmailLableReport -->
