<?xml version="1.0" encoding="UTF-8"?>
<!-- Generated by org.testng.reporters.JUnitReportReporter -->
<testsuite hostname="DW0820" failures="0" tests="4" name="TestNG.ex6_Keyword3_Priority2" time="0.045" errors="0" timestamp="2022-06-22T18:35:06 IST" skipped="0">
  <testcase classname="TestNG.ex6_Keyword3_Priority2" name="TC4" time="0.026"/>
  <system-out>
    <![CDATA[running TC4]]>
  </system-out>
  <testcase classname="TestNG.ex6_Keyword3_Priority2" name="TC1" time="0.005"/>
  <system-out>
    <![CDATA[running TC1]]>
  </system-out>
  <testcase classname="TestNG.ex6_Keyword3_Priority2" name="TC2" time="0.008"/>
  <system-out>
    <![CDATA[running TC2]]>
  </system-out>
  <testcase classname="TestNG.ex6_Keyword3_Priority2" name="TC3" time="0.006"/>
  <system-out>
    <![CDATA[running TC3]]>
  </system-out>
</testsuite> <!-- TestNG.ex6_Keyword3_Priority2 -->
