<?xml version="1.0" encoding="UTF-8"?>
<!-- Generated by org.testng.reporters.JUnitReportReporter -->
<testsuite hostname="DW0820" failures="0" tests="4" name="TestNG.ex1_DataProviderMethod_From_Otherclass" time="0.021" errors="0" timestamp="2022-06-27T21:54:53 IST" skipped="0">
  <testcase classname="TestNG.ex1_DataProviderMethod_From_Otherclass" name="loginTest" time="0.003"/>
  <system-out/>
  <testcase classname="TestNG.ex1_DataProviderMethod_From_Otherclass" name="loginTest" time="0.002"/>
  <system-out/>
  <testcase classname="TestNG.ex1_DataProviderMethod_From_Otherclass" name="loginTest" time="0.012"/>
  <system-out/>
  <testcase classname="TestNG.ex1_DataProviderMethod_From_Otherclass" name="loginTest" time="0.004"/>
  <system-out/>
</testsuite> <!-- TestNG.ex1_DataProviderMethod_From_Otherclass -->
