<?xml version="1.0" encoding="UTF-8"?>
<!-- Generated by org.testng.reporters.JUnitReportReporter -->
<testsuite hostname="DW0820" failures="0" tests="3" name="TestNG.ex7_sample2" time="0.065" errors="0" timestamp="2022-06-23T16:57:51 IST" skipped="0">
  <testcase classname="TestNG.ex7_sample2" name="TC1" time="0.049"/>
  <system-out>
    <![CDATA[rumnning login tc]]>
  </system-out>
  <testcase classname="TestNG.ex7_sample2" name="TC2" time="0.008"/>
  <system-out>
    <![CDATA[rumnning login tc]]>
  </system-out>
  <testcase classname="TestNG.ex7_sample2" name="TC3" time="0.008"/>
  <system-out>
    <![CDATA[rumnning login tc]]>
  </system-out>
</testsuite> <!-- TestNG.ex7_sample2 -->
