<?xml version="1.0" encoding="UTF-8"?>
<!-- Generated by org.testng.reporters.JUnitReportReporter -->
<testsuite hostname="DW0820" failures="0" tests="3" name="TestNG.example11_grouping2" time="0.009" errors="0" timestamp="2022-06-27T20:23:00 IST" skipped="0">
  <testcase classname="TestNG.example11_grouping2" name="TC2" time="0.001"/>
  <system-out>
    <![CDATA[running TC2]]>
  </system-out>
  <testcase classname="TestNG.example11_grouping2" name="TC4" time="0.005"/>
  <system-out>
    <![CDATA[running TC4]]>
  </system-out>
  <testcase classname="TestNG.example11_grouping2" name="TC3" time="0.003"/>
  <system-out>
    <![CDATA[running TC3]]>
  </system-out>
</testsuite> <!-- TestNG.example11_grouping2 -->
