<?xml version="1.0" encoding="UTF-8"?>
<!-- Generated by org.testng.reporters.JUnitReportReporter -->
<testsuite hostname="DW0820" failures="0" tests="1" name="TestNG.demo" time="35.573" errors="0" timestamp="2022-06-27T18:49:34 IST" skipped="0">
  <testcase classname="TestNG.demo" name="TC" time="35.573"/>
  <system-out/>
</testsuite> <!-- TestNG.demo -->
