<?xml version="1.0" encoding="UTF-8"?>
<!-- Generated by org.testng.reporters.JUnitReportReporter -->
<testsuite hostname="DW0820" failures="0" tests="3" name="demo2_dataprovider" time="0.080" errors="0" timestamp="2022-06-30T15:51:53 IST" skipped="0">
  <testcase classname="demo2_dataprovider" name="loginTest2" time="0.021"/>
  <system-out/>
  <testcase classname="demo2_dataprovider" name="loginTest2" time="0.028"/>
  <system-out/>
  <testcase classname="demo2_dataprovider" name="loginTest2" time="0.031"/>
  <system-out/>
</testsuite> <!-- demo2_dataprovider -->
