<?xml version="1.0" encoding="UTF-8"?>
<!-- Generated by org.testng.reporters.JUnitReportReporter -->
<testsuite hostname="DW0820" failures="0" tests="5" name="TestNG.ex6_Keyword1_invocationCount" time="0.038" errors="0" timestamp="2022-11-29T22:27:46 IST" skipped="0">
  <testcase classname="TestNG.ex6_Keyword1_invocationCount" name="TC1" time="0.005"/>
  <system-out>
    <![CDATA[running TC1]]>
  </system-out>
  <testcase classname="TestNG.ex6_Keyword1_invocationCount" name="TC1" time="0.003"/>
  <system-out>
    <![CDATA[running TC1]]>
  </system-out>
  <testcase classname="TestNG.ex6_Keyword1_invocationCount" name="TC1" time="0.002"/>
  <system-out>
    <![CDATA[running TC1]]>
  </system-out>
  <testcase classname="TestNG.ex6_Keyword1_invocationCount" name="TC1" time="0.025"/>
  <system-out>
    <![CDATA[running TC1]]>
  </system-out>
  <testcase classname="TestNG.ex6_Keyword1_invocationCount" name="TC1" time="0.003"/>
  <system-out>
    <![CDATA[running TC1]]>
  </system-out>
</testsuite> <!-- TestNG.ex6_Keyword1_invocationCount -->
