<?xml version="1.0" encoding="UTF-8"?>
<!-- Generated by org.testng.reporters.JUnitReportReporter -->
<testsuite hostname="DW0820" failures="0" tests="3" name="TestNG.ex6_Keyword2_Enabled" time="0.022" errors="0" timestamp="2022-11-29T22:29:12 IST" skipped="2">
  <testcase classname="TestNG.ex6_Keyword2_Enabled" name="TC1" time="0.022"/>
  <system-out>
    <![CDATA[running TC1]]>
  </system-out>
  <testcase classname="TestNG.ex6_Keyword2_Enabled" name="TC2">
    <skipped/>
  </testcase> <!-- TC2 -->
  <system-out/>
  <testcase classname="TestNG.ex6_Keyword2_Enabled" name="TC3">
    <skipped/>
  </testcase> <!-- TC3 -->
  <system-out/>
</testsuite> <!-- TestNG.ex6_Keyword2_Enabled -->
